0 info it worked if it ends with ok
1 verbose cli [ '/Users/hemanth/.nvm/v0.11.13/bin/node',
1 verbose cli   '/Users/hemanth/.nvm/v0.11.13/bin/npm',
1 verbose cli   'start' ]
2 info using npm@1.4.9
3 info using node@v0.11.13
4 verbose run-script [ 'prestart', 'start', 'poststart' ]
5 info prestart k@0.0.0
6 info start k@0.0.0
7 verbose unsafe-perm in lifecycle true
8 info k@0.0.0 Failed to exec start script
9 error k@0.0.0 start: `node --harmony app.js`
9 error Exit status 1
10 error Failed at the k@0.0.0 start script.
10 error This is most likely a problem with the k package,
10 error not with npm itself.
10 error Tell the author that this fails on your system:
10 error     node --harmony app.js
10 error You can get their info via:
10 error     npm owner ls k
10 error There is likely additional logging output above.
11 error System Darwin 13.0.0
12 error command "/Users/hemanth/.nvm/v0.11.13/bin/node" "/Users/hemanth/.nvm/v0.11.13/bin/npm" "start"
13 error cwd /Users/hemanth/labs/koa-rest
14 error node -v v0.11.13
15 error npm -v 1.4.9
16 error code ELIFECYCLE
17 verbose exit [ 1, true ]
